0 info it worked if it ends with ok
1 verbose cli [ 'C:\\Program Files\\nodejs\\node.exe',
1 verbose cli   'C:\\Program Files\\nodejs\\node_modules\\npm\\bin\\npm-cli.js',
1 verbose cli   'run',
1 verbose cli   'tsc:w' ]
2 info using npm@3.9.3
3 info using node@v6.2.1
4 verbose run-script [ 'pretsc:w', 'tsc:w', 'posttsc:w' ]
5 info lifecycle ng2-Dashboard@1.0.0~pretsc:w: ng2-Dashboard@1.0.0
6 silly lifecycle ng2-Dashboard@1.0.0~pretsc:w: no script for pretsc:w, continuing
7 info lifecycle ng2-Dashboard@1.0.0~tsc:w: ng2-Dashboard@1.0.0
8 verbose lifecycle ng2-Dashboard@1.0.0~tsc:w: unsafe-perm in lifecycle true
9 verbose lifecycle ng2-Dashboard@1.0.0~tsc:w: PATH: C:\Program Files\nodejs\node_modules\npm\bin\node-gyp-bin;C:\Users\URK7KOR\Documents\GitHub\ng2-Dashboard\node_modules\.bin;C:\Program Files\nodejs;C:\Program Files\nodejs\node_modules\npm\bin\node-gyp-bin;C:\Users\URK7KOR\Documents\GitHub\ng2-Dashboard\node_modules\.bin;C:\Program Files\nodejs;C:\ProgramData\Oracle\Java\javapath;C:\Program Files\Java\jdk1.8.0_77\\bin;C:\Program Files\Apache\Maven\bin;C:\Program Files (x86)\WebEx\Productivity Tools;C:\Program Files\7-Zip;C:\Windows;C:\Windows\system32;C:\Windows\System32\WindowsPowerShell\v1.0\;C:\Program Files\nodejs\;C:\Program Files\MySQL\MySQL Utilities 1.6\;C:\Program Files\TortoiseSVN\bin;C:\Users\URK7KOR\AppData\Local\atom\bin;C:\Users\URK7KOR\AppData\Roaming\npm;C:\Program Files (x86)\Microsoft VS Code\bin;C:\Users\URK7KOR\AppData\Local\Programs\Git\cmd;C:\Program Files\WinMagic\SecureDoc-NT\
10 verbose lifecycle ng2-Dashboard@1.0.0~tsc:w: CWD: C:\Users\URK7KOR\Documents\GitHub\ng2-Dashboard
11 silly lifecycle ng2-Dashboard@1.0.0~tsc:w: Args: [ '/d /s /c', 'tsc -w' ]
12 silly lifecycle ng2-Dashboard@1.0.0~tsc:w: Returned: code: 3221225786  signal: null
13 info lifecycle ng2-Dashboard@1.0.0~tsc:w: Failed to exec tsc:w script
14 verbose stack Error: ng2-Dashboard@1.0.0 tsc:w: `tsc -w`
14 verbose stack Exit status 3221225786
14 verbose stack     at EventEmitter.<anonymous> (C:\Program Files\nodejs\node_modules\npm\lib\utils\lifecycle.js:245:16)
14 verbose stack     at emitTwo (events.js:106:13)
14 verbose stack     at EventEmitter.emit (events.js:191:7)
14 verbose stack     at ChildProcess.<anonymous> (C:\Program Files\nodejs\node_modules\npm\lib\utils\spawn.js:24:14)
14 verbose stack     at emitTwo (events.js:106:13)
14 verbose stack     at ChildProcess.emit (events.js:191:7)
14 verbose stack     at maybeClose (internal/child_process.js:852:16)
14 verbose stack     at Process.ChildProcess._handle.onexit (internal/child_process.js:215:5)
15 verbose pkgid ng2-Dashboard@1.0.0
16 verbose cwd C:\Users\URK7KOR\Documents\GitHub\ng2-Dashboard
17 error Windows_NT 6.1.7601
18 error argv "C:\\Program Files\\nodejs\\node.exe" "C:\\Program Files\\nodejs\\node_modules\\npm\\bin\\npm-cli.js" "run" "tsc:w"
19 error node v6.2.1
20 error npm  v3.9.3
21 error code ELIFECYCLE
22 error ng2-Dashboard@1.0.0 tsc:w: `tsc -w`
22 error Exit status 3221225786
23 error Failed at the ng2-Dashboard@1.0.0 tsc:w script 'tsc -w'.
23 error Make sure you have the latest version of node.js and npm installed.
23 error If you do, this is most likely a problem with the ng2-Dashboard package,
23 error not with npm itself.
23 error Tell the author that this fails on your system:
23 error     tsc -w
23 error You can get information on how to open an issue for this project with:
23 error     npm bugs ng2-Dashboard
23 error Or if that isn't available, you can get their info via:
23 error     npm owner ls ng2-Dashboard
23 error There is likely additional logging output above.
24 verbose exit [ 1, true ]
